\BOOKMARK [0][-]{chapter.0}{0 Preface}{}% 1
\BOOKMARK [1][-]{section.0.1}{0.1 Audience}{chapter.0}% 2
\BOOKMARK [1][-]{section.0.2}{0.2 Formal Systems}{chapter.0}% 3
\BOOKMARK [1][-]{section.0.3}{0.3 Preliminaries}{chapter.0}% 4
\BOOKMARK [-1][-]{part.1}{I Background}{}% 5
\BOOKMARK [0][-]{chapter.1}{1 Computability}{part.1}% 6
\BOOKMARK [1][-]{section.1.1}{1.1 Function Algebras}{chapter.1}% 7
\BOOKMARK [1][-]{section.1.2}{1.2 Machines}{chapter.1}% 8
\BOOKMARK [0][-]{chapter.2}{2 Complexity}{part.1}% 9
\BOOKMARK [1][-]{section.2.1}{2.1 Time}{chapter.2}% 10
\BOOKMARK [2][-]{subsection.2.1.1}{2.1.1 Polynomial Time}{section.2.1}% 11
\BOOKMARK [2][-]{subsection.2.1.2}{2.1.2 Subpolynomial Time}{section.2.1}% 12
\BOOKMARK [2][-]{subsection.2.1.3}{2.1.3 Space}{section.2.1}% 13
\BOOKMARK [0][-]{chapter.3}{3 Implicit Characterizations of P}{part.1}% 14
\BOOKMARK [1][-]{section.3.1}{3.1 Primitive Recursion on Notation}{chapter.3}% 15
\BOOKMARK [1][-]{section.3.2}{3.2 Bounded Primitive Recursion on Notation}{chapter.3}% 16
\BOOKMARK [1][-]{section.3.3}{3.3 Finite Model Theory}{chapter.3}% 17
\BOOKMARK [1][-]{section.3.4}{3.4 Ramification}{chapter.3}% 18
\BOOKMARK [2][-]{subsection.3.4.1}{3.4.1 Safe Recursion}{section.3.4}% 19
\BOOKMARK [2][-]{subsection.3.4.2}{3.4.2 Tiering}{section.3.4}% 20
